{"C:\\Projetos\\WearByWeather\\config\\apiConfig.ts": {"path":"C:\\Projetos\\WearByWeather\\config\\apiConfig.ts","statementMap":{"0":{"start":{"line":1,"column":0},"end":{"line":1,"column":39}},"1":{"start":{"line":4,"column":13},"end":{"line":4,"column":90}},"2":{"start":{"line":7,"column":13},"end":{"line":7,"column":66}},"3":{"start":{"line":8,"column":13},"end":{"line":8,"column":64}}},"fnMap":{},"branchMap":{},"s":{"0":3,"1":3,"2":3,"3":3},"f":{},"b":{}}
,"C:\\Projetos\\WearByWeather\\services\\mockWeather.ts": {"path":"C:\\Projetos\\WearByWeather\\services\\mockWeather.ts","statementMap":{"0":{"start":{"line":31,"column":13},"end":{"line":45,"column":2}},"1":{"start":{"line":186,"column":14},"end":{"line":267,"column":2}}},"fnMap":{},"branchMap":{},"s":{"0":3,"1":3},"f":{},"b":{}}
,"C:\\Projetos\\WearByWeather\\services\\weatherService.ts": {"path":"C:\\Projetos\\WearByWeather\\services\\weatherService.ts","statementMap":{"0":{"start":{"line":47,"column":0},"end":{"line":47,"column":7}},"1":{"start":{"line":150,"column":0},"end":{"line":150,"column":7}},"2":{"start":{"line":190,"column":0},"end":{"line":190,"column":7}},"3":{"start":{"line":213,"column":0},"end":{"line":213,"column":16}},"4":{"start":{"line":1,"column":0},"end":{"line":1,"column":26}},"5":{"start":{"line":2,"column":0},"end":{"line":2,"column":65}},"6":{"start":{"line":3,"column":0},"end":{"line":3,"column":64}},"7":{"start":{"line":4,"column":0},"end":{"line":4,"column":69}},"8":{"start":{"line":5,"column":0},"end":{"line":5,"column":27}},"9":{"start":{"line":6,"column":0},"end":{"line":6,"column":33}},"10":{"start":{"line":7,"column":0},"end":{"line":7,"column":33}},"11":{"start":{"line":9,"column":26},"end":{"line":9,"column":42}},"12":{"start":{"line":10,"column":26},"end":{"line":10,"column":40}},"13":{"start":{"line":11,"column":17},"end":{"line":11,"column":22}},"14":{"start":{"line":12,"column":13},"end":{"line":12,"column":52}},"15":{"start":{"line":15,"column":22},"end":{"line":15,"column":26}},"16":{"start":{"line":16,"column":22},"end":{"line":19,"column":4}},"17":{"start":{"line":20,"column":18},"end":{"line":20,"column":34}},"18":{"start":{"line":21,"column":2},"end":{"line":23,"column":3}},"19":{"start":{"line":22,"column":4},"end":{"line":22,"column":45}},"20":{"start":{"line":24,"column":2},"end":{"line":24,"column":54}},"21":{"start":{"line":28,"column":2},"end":{"line":28,"column":75}},"22":{"start":{"line":32,"column":2},"end":{"line":32,"column":24}},"23":{"start":{"line":32,"column":12},"end":{"line":32,"column":24}},"24":{"start":{"line":33,"column":2},"end":{"line":37,"column":3}},"25":{"start":{"line":34,"column":4},"end":{"line":34,"column":32}},"26":{"start":{"line":36,"column":4},"end":{"line":36,"column":16}},"27":{"start":{"line":48,"column":2},"end":{"line":48,"column":35}},"28":{"start":{"line":48,"column":16},"end":{"line":48,"column":35}},"29":{"start":{"line":50,"column":14},"end":{"line":50,"column":24}},"30":{"start":{"line":51,"column":15},"end":{"line":51,"column":54}},"31":{"start":{"line":52,"column":14},"end":{"line":52,"column":34}},"32":{"start":{"line":54,"column":2},"end":{"line":143,"column":3}},"33":{"start":{"line":56,"column":22},"end":{"line":56,"column":53}},"34":{"start":{"line":57,"column":19},"end":{"line":57,"column":54}},"35":{"start":{"line":58,"column":4},"end":{"line":60,"column":5}},"36":{"start":{"line":59,"column":6},"end":{"line":59,"column":25}},"37":{"start":{"line":63,"column":25},"end":{"line":63,"column":56}},"38":{"start":{"line":66,"column":21},"end":{"line":69,"column":6}},"39":{"start":{"line":71,"column":17},"end":{"line":71,"column":30}},"40":{"start":{"line":73,"column":21},"end":{"line":73,"column":39}},"41":{"start":{"line":74,"column":22},"end":{"line":76,"column":24}},"42":{"start":{"line":78,"column":21},"end":{"line":78,"column":53}},"43":{"start":{"line":79,"column":24},"end":{"line":79,"column":53}},"44":{"start":{"line":80,"column":22},"end":{"line":80,"column":48}},"45":{"start":{"line":84,"column":19},"end":{"line":84,"column":64}},"46":{"start":{"line":85,"column":19},"end":{"line":85,"column":64}},"47":{"start":{"line":87,"column":25},"end":{"line":87,"column":58}},"48":{"start":{"line":91,"column":2},"end":{"line":93,"column":43}},"49":{"start":{"line":95,"column":2},"end":{"line":98,"column":42}},"50":{"start":{"line":101,"column":21},"end":{"line":101,"column":54}},"51":{"start":{"line":103,"column":2},"end":{"line":103,"column":73}},"52":{"start":{"line":106,"column":14},"end":{"line":106,"column":106}},"53":{"start":{"line":109,"column":19},"end":{"line":125,"column":6}},"54":{"start":{"line":127,"column":4},"end":{"line":130,"column":6}},"55":{"start":{"line":132,"column":4},"end":{"line":132,"column":18}},"56":{"start":{"line":135,"column":4},"end":{"line":137,"column":5}},"57":{"start":{"line":136,"column":6},"end":{"line":136,"column":75}},"58":{"start":{"line":138,"column":4},"end":{"line":140,"column":5}},"59":{"start":{"line":139,"column":6},"end":{"line":139,"column":44}},"60":{"start":{"line":141,"column":4},"end":{"line":141,"column":58}},"61":{"start":{"line":142,"column":4},"end":{"line":142,"column":16}},"62":{"start":{"line":151,"column":2},"end":{"line":151,"column":42}},"63":{"start":{"line":151,"column":16},"end":{"line":151,"column":42}},"64":{"start":{"line":153,"column":2},"end":{"line":186,"column":3}},"65":{"start":{"line":154,"column":17},"end":{"line":154,"column":56}},"66":{"start":{"line":155,"column":25},"end":{"line":155,"column":56}},"67":{"start":{"line":156,"column":21},"end":{"line":156,"column":39}},"68":{"start":{"line":158,"column":21},"end":{"line":161,"column":6}},"69":{"start":{"line":163,"column":17},"end":{"line":163,"column":30}},"70":{"start":{"line":164,"column":24},"end":{"line":164,"column":66}},"71":{"start":{"line":165,"column":4},"end":{"line":165,"column":37}},"72":{"start":{"line":165,"column":27},"end":{"line":165,"column":37}},"73":{"start":{"line":167,"column":21},"end":{"line":180,"column":6}},"74":{"start":{"line":168,"column":23},"end":{"line":168,"column":57}},"75":{"start":{"line":169,"column":19},"end":{"line":171,"column":26}},"76":{"start":{"line":173,"column":6},"end":{"line":179,"column":8}},"77":{"start":{"line":182,"column":4},"end":{"line":182,"column":20}},"78":{"start":{"line":184,"column":4},"end":{"line":184,"column":61}},"79":{"start":{"line":185,"column":4},"end":{"line":185,"column":16}},"80":{"start":{"line":191,"column":2},"end":{"line":210,"column":3}},"81":{"start":{"line":192,"column":21},"end":{"line":198,"column":6}},"82":{"start":{"line":200,"column":4},"end":{"line":206,"column":8}},"83":{"start":{"line":200,"column":45},"end":{"line":206,"column":6}},"84":{"start":{"line":208,"column":4},"end":{"line":208,"column":52}},"85":{"start":{"line":209,"column":4},"end":{"line":209,"column":14}},"86":{"start":{"line":214,"column":2},"end":{"line":221,"column":3}},"87":{"start":{"line":217,"column":6},"end":{"line":217,"column":18}},"88":{"start":{"line":220,"column":6},"end":{"line":220,"column":18}}},"fnMap":{"0":{"name":"resolveCityToCoords","decl":{"start":{"line":14,"column":15},"end":{"line":14,"column":34}},"loc":{"start":{"line":14,"column":47},"end":{"line":25,"column":1}}},"1":{"name":"cacheKey","decl":{"start":{"line":27,"column":9},"end":{"line":27,"column":17}},"loc":{"start":{"line":27,"column":44},"end":{"line":29,"column":1}}},"2":{"name":"safeParse","decl":{"start":{"line":31,"column":9},"end":{"line":31,"column":18}},"loc":{"start":{"line":31,"column":40},"end":{"line":38,"column":1}}},"3":{"name":"getWeatherByCity","decl":{"start":{"line":47,"column":22},"end":{"line":47,"column":38}},"loc":{"start":{"line":47,"column":51},"end":{"line":144,"column":1}}},"4":{"name":"getHourlyForecastByCity","decl":{"start":{"line":150,"column":22},"end":{"line":150,"column":45}},"loc":{"start":{"line":150,"column":58},"end":{"line":187,"column":1}}},"5":{"name":"(anonymous_6)","decl":{"start":{"line":167,"column":65},"end":{"line":167,"column":66}},"loc":{"start":{"line":167,"column":80},"end":{"line":180,"column":5}}},"6":{"name":"searchCitiesByName","decl":{"start":{"line":190,"column":22},"end":{"line":190,"column":40}},"loc":{"start":{"line":190,"column":53},"end":{"line":211,"column":1}}},"7":{"name":"(anonymous_8)","decl":{"start":{"line":200,"column":29},"end":{"line":200,"column":30}},"loc":{"start":{"line":200,"column":45},"end":{"line":206,"column":6}}},"8":{"name":"mapLanguageToOpenWeather","decl":{"start":{"line":213,"column":16},"end":{"line":213,"column":40}},"loc":{"start":{"line":213,"column":53},"end":{"line":222,"column":1}}}},"branchMap":{"0":{"loc":{"start":{"line":21,"column":2},"end":{"line":23,"column":3}},"type":"if","locations":[{"start":{"line":21,"column":2},"end":{"line":23,"column":3}}]},"1":{"loc":{"start":{"line":21,"column":6},"end":{"line":21,"column":38}},"type":"binary-expr","locations":[{"start":{"line":21,"column":6},"end":{"line":21,"column":14}},{"start":{"line":21,"column":18},"end":{"line":21,"column":38}}]},"2":{"loc":{"start":{"line":32,"column":2},"end":{"line":32,"column":24}},"type":"if","locations":[{"start":{"line":32,"column":2},"end":{"line":32,"column":24}}]},"3":{"loc":{"start":{"line":48,"column":2},"end":{"line":48,"column":35}},"type":"if","locations":[{"start":{"line":48,"column":2},"end":{"line":48,"column":35}}]},"4":{"loc":{"start":{"line":58,"column":4},"end":{"line":60,"column":5}},"type":"if","locations":[{"start":{"line":58,"column":4},"end":{"line":60,"column":5}}]},"5":{"loc":{"start":{"line":58,"column":8},"end":{"line":58,"column":60}},"type":"binary-expr","locations":[{"start":{"line":58,"column":8},"end":{"line":58,"column":14}},{"start":{"line":58,"column":18},"end":{"line":58,"column":60}}]},"6":{"loc":{"start":{"line":78,"column":21},"end":{"line":78,"column":53}},"type":"binary-expr","locations":[{"start":{"line":78,"column":21},"end":{"line":78,"column":44}},{"start":{"line":78,"column":48},"end":{"line":78,"column":53}}]},"7":{"loc":{"start":{"line":79,"column":24},"end":{"line":79,"column":53}},"type":"binary-expr","locations":[{"start":{"line":79,"column":24},"end":{"line":79,"column":47}},{"start":{"line":79,"column":51},"end":{"line":79,"column":53}}]},"8":{"loc":{"start":{"line":80,"column":22},"end":{"line":80,"column":48}},"type":"binary-expr","locations":[{"start":{"line":80,"column":22},"end":{"line":80,"column":43}},{"start":{"line":80,"column":47},"end":{"line":80,"column":48}}]},"9":{"loc":{"start":{"line":84,"column":19},"end":{"line":84,"column":64}},"type":"binary-expr","locations":[{"start":{"line":84,"column":19},"end":{"line":84,"column":37}},{"start":{"line":84,"column":41},"end":{"line":84,"column":59}},{"start":{"line":84,"column":63},"end":{"line":84,"column":64}}]},"10":{"loc":{"start":{"line":85,"column":19},"end":{"line":85,"column":64}},"type":"binary-expr","locations":[{"start":{"line":85,"column":19},"end":{"line":85,"column":37}},{"start":{"line":85,"column":41},"end":{"line":85,"column":59}},{"start":{"line":85,"column":63},"end":{"line":85,"column":64}}]},"11":{"loc":{"start":{"line":91,"column":2},"end":{"line":93,"column":43}},"type":"binary-expr","locations":[{"start":{"line":91,"column":2},"end":{"line":91,"column":35}},{"start":{"line":92,"column":2},"end":{"line":92,"column":38}},{"start":{"line":93,"column":2},"end":{"line":93,"column":43}}]},"12":{"loc":{"start":{"line":95,"column":2},"end":{"line":98,"column":42}},"type":"binary-expr","locations":[{"start":{"line":95,"column":2},"end":{"line":95,"column":31}},{"start":{"line":96,"column":4},"end":{"line":96,"column":20}},{"start":{"line":96,"column":24},"end":{"line":96,"column":40}},{"start":{"line":97,"column":4},"end":{"line":97,"column":20}},{"start":{"line":97,"column":24},"end":{"line":97,"column":40}},{"start":{"line":98,"column":4},"end":{"line":98,"column":20}},{"start":{"line":98,"column":24},"end":{"line":98,"column":40}}]},"13":{"loc":{"start":{"line":103,"column":2},"end":{"line":103,"column":73}},"type":"binary-expr","locations":[{"start":{"line":103,"column":2},"end":{"line":103,"column":31}},{"start":{"line":103,"column":36},"end":{"line":103,"column":52}},{"start":{"line":103,"column":56},"end":{"line":103,"column":72}}]},"14":{"loc":{"start":{"line":106,"column":14},"end":{"line":106,"column":106}},"type":"binary-expr","locations":[{"start":{"line":106,"column":14},"end":{"line":106,"column":26}},{"start":{"line":106,"column":30},"end":{"line":106,"column":40}},{"start":{"line":106,"column":44},"end":{"line":106,"column":56}},{"start":{"line":106,"column":60},"end":{"line":106,"column":70}},{"start":{"line":106,"column":74},"end":{"line":106,"column":88}},{"start":{"line":106,"column":92},"end":{"line":106,"column":106}}]},"15":{"loc":{"start":{"line":116,"column":25},"end":{"line":116,"column":46}},"type":"binary-expr","locations":[{"start":{"line":116,"column":25},"end":{"line":116,"column":41}},{"start":{"line":116,"column":45},"end":{"line":116,"column":46}}]},"16":{"loc":{"start":{"line":117,"column":16},"end":{"line":117,"column":52}},"type":"binary-expr","locations":[{"start":{"line":117,"column":16},"end":{"line":117,"column":46}},{"start":{"line":117,"column":50},"end":{"line":117,"column":52}}]},"17":{"loc":{"start":{"line":135,"column":4},"end":{"line":137,"column":5}},"type":"if","locations":[{"start":{"line":135,"column":4},"end":{"line":137,"column":5}}]},"18":{"loc":{"start":{"line":138,"column":4},"end":{"line":140,"column":5}},"type":"if","locations":[{"start":{"line":138,"column":4},"end":{"line":140,"column":5}}]},"19":{"loc":{"start":{"line":151,"column":2},"end":{"line":151,"column":42}},"type":"if","locations":[{"start":{"line":151,"column":2},"end":{"line":151,"column":42}}]},"20":{"loc":{"start":{"line":164,"column":24},"end":{"line":164,"column":66}},"type":"cond-expr","locations":[{"start":{"line":164,"column":52},"end":{"line":164,"column":61}},{"start":{"line":164,"column":64},"end":{"line":164,"column":66}}]},"21":{"loc":{"start":{"line":165,"column":4},"end":{"line":165,"column":37}},"type":"if","locations":[{"start":{"line":165,"column":4},"end":{"line":165,"column":37}}]},"22":{"loc":{"start":{"line":168,"column":23},"end":{"line":168,"column":57}},"type":"binary-expr","locations":[{"start":{"line":168,"column":23},"end":{"line":168,"column":48}},{"start":{"line":168,"column":52},"end":{"line":168,"column":57}}]},"23":{"loc":{"start":{"line":175,"column":32},"end":{"line":175,"column":54}},"type":"binary-expr","locations":[{"start":{"line":175,"column":32},"end":{"line":175,"column":49}},{"start":{"line":175,"column":53},"end":{"line":175,"column":54}}]},"24":{"loc":{"start":{"line":176,"column":18},"end":{"line":176,"column":56}},"type":"binary-expr","locations":[{"start":{"line":176,"column":18},"end":{"line":176,"column":50}},{"start":{"line":176,"column":54},"end":{"line":176,"column":56}}]},"25":{"loc":{"start":{"line":214,"column":2},"end":{"line":221,"column":3}},"type":"switch","locations":[{"start":{"line":215,"column":4},"end":{"line":215,"column":17}},{"start":{"line":216,"column":4},"end":{"line":217,"column":18}},{"start":{"line":218,"column":4},"end":{"line":218,"column":14}},{"start":{"line":219,"column":4},"end":{"line":220,"column":18}}]}},"s":{"0":3,"1":3,"2":3,"3":3,"4":3,"5":3,"6":3,"7":3,"8":3,"9":3,"10":3,"11":3,"12":3,"13":3,"14":3,"15":11,"16":11,"17":11,"18":10,"19":1,"20":9,"21":9,"22":9,"23":7,"24":2,"25":2,"26":0,"27":9,"28":0,"29":9,"30":9,"31":9,"32":9,"33":9,"34":9,"35":9,"36":1,"37":8,"38":6,"39":4,"40":4,"41":4,"42":4,"43":4,"44":4,"45":4,"46":4,"47":4,"48":4,"49":4,"50":4,"51":4,"52":4,"53":4,"54":4,"55":4,"56":4,"57":1,"58":4,"59":1,"60":4,"61":4,"62":3,"63":0,"64":3,"65":3,"66":3,"67":3,"68":3,"69":2,"70":2,"71":2,"72":1,"73":1,"74":4,"75":4,"76":4,"77":1,"78":1,"79":1,"80":2,"81":2,"82":1,"83":2,"84":1,"85":1,"86":15,"87":15,"88":0},"f":{"0":11,"1":9,"2":9,"3":9,"4":3,"5":4,"6":2,"7":2,"8":15},"b":{"0":[1],"1":[10,10],"2":[7],"3":[0],"4":[1],"5":[9,2],"6":[4,0],"7":[4,0],"8":[4,0],"9":[4,4,4],"10":[4,4,4],"11":[4,2,2],"12":[4,4,4,4,4,4,4],"13":[4,4,2],"14":[4,2,2,2,2,2],"15":[4,0],"16":[4,0],"17":[1],"18":[1],"19":[0],"20":[2,0],"21":[1],"22":[4,0],"23":[4,0],"24":[4,0],"25":[0,15,0,0]}}
}
