TN:
SF:config\apiConfig.ts
FNF:0
FNH:0
DA:1,3
DA:4,3
DA:7,3
DA:8,3
LF:4
LH:4
BRF:0
BRH:0
end_of_record
TN:
SF:services\mockWeather.ts
FNF:0
FNH:0
DA:31,3
DA:186,3
LF:2
LH:2
BRF:0
BRH:0
end_of_record
TN:
SF:services\weatherService.ts
FN:14,resolveCityToCoords
FN:27,cacheKey
FN:31,safeParse
FN:47,getWeatherByCity
FN:150,getHourlyForecastByCity
FN:167,(anonymous_6)
FN:190,searchCitiesByName
FN:200,(anonymous_8)
FN:213,mapLanguageToOpenWeather
FNF:9
FNH:9
FNDA:11,resolveCityToCoords
FNDA:9,cacheKey
FNDA:9,safeParse
FNDA:9,getWeatherByCity
FNDA:3,getHourlyForecastByCity
FNDA:4,(anonymous_6)
FNDA:2,searchCitiesByName
FNDA:2,(anonymous_8)
FNDA:15,mapLanguageToOpenWeather
DA:1,3
DA:2,3
DA:3,3
DA:4,3
DA:5,3
DA:6,3
DA:7,3
DA:9,3
DA:10,3
DA:11,3
DA:12,3
DA:15,11
DA:16,11
DA:20,11
DA:21,10
DA:22,1
DA:24,9
DA:28,9
DA:32,9
DA:33,2
DA:34,2
DA:36,0
DA:47,3
DA:48,9
DA:50,9
DA:51,9
DA:52,9
DA:54,9
DA:56,9
DA:57,9
DA:58,9
DA:59,1
DA:63,8
DA:66,6
DA:71,4
DA:73,4
DA:74,4
DA:78,4
DA:79,4
DA:80,4
DA:84,4
DA:85,4
DA:87,4
DA:91,4
DA:95,4
DA:101,4
DA:103,4
DA:106,4
DA:109,4
DA:127,4
DA:132,4
DA:135,4
DA:136,1
DA:138,4
DA:139,1
DA:141,4
DA:142,4
DA:150,3
DA:151,3
DA:153,3
DA:154,3
DA:155,3
DA:156,3
DA:158,3
DA:163,2
DA:164,2
DA:165,2
DA:167,1
DA:168,4
DA:169,4
DA:173,4
DA:182,1
DA:184,1
DA:185,1
DA:190,3
DA:191,2
DA:192,2
DA:200,2
DA:208,1
DA:209,1
DA:213,3
DA:214,15
DA:217,15
DA:220,0
LF:84
LH:82
BRDA:21,0,0,1
BRDA:21,1,0,10
BRDA:21,1,1,10
BRDA:32,2,0,7
BRDA:48,3,0,0
BRDA:58,4,0,1
BRDA:58,5,0,9
BRDA:58,5,1,2
BRDA:78,6,0,4
BRDA:78,6,1,0
BRDA:79,7,0,4
BRDA:79,7,1,0
BRDA:80,8,0,4
BRDA:80,8,1,0
BRDA:84,9,0,4
BRDA:84,9,1,4
BRDA:84,9,2,4
BRDA:85,10,0,4
BRDA:85,10,1,4
BRDA:85,10,2,4
BRDA:91,11,0,4
BRDA:91,11,1,2
BRDA:91,11,2,2
BRDA:95,12,0,4
BRDA:95,12,1,4
BRDA:95,12,2,4
BRDA:95,12,3,4
BRDA:95,12,4,4
BRDA:95,12,5,4
BRDA:95,12,6,4
BRDA:103,13,0,4
BRDA:103,13,1,4
BRDA:103,13,2,2
BRDA:106,14,0,4
BRDA:106,14,1,2
BRDA:106,14,2,2
BRDA:106,14,3,2
BRDA:106,14,4,2
BRDA:106,14,5,2
BRDA:116,15,0,4
BRDA:116,15,1,0
BRDA:117,16,0,4
BRDA:117,16,1,0
BRDA:135,17,0,1
BRDA:138,18,0,1
BRDA:151,19,0,0
BRDA:164,20,0,2
BRDA:164,20,1,0
BRDA:165,21,0,1
BRDA:168,22,0,4
BRDA:168,22,1,0
BRDA:175,23,0,4
BRDA:175,23,1,0
BRDA:176,24,0,4
BRDA:176,24,1,0
BRDA:214,25,0,0
BRDA:214,25,1,15
BRDA:214,25,2,0
BRDA:214,25,3,0
BRF:59
BRH:45
end_of_record
